<?xml version="1.0" encoding="UTF-8"?>
<!-- Generated by org.testng.reporters.JUnitReportReporter -->
<testsuite skipped="0" hostname="Ramamoorthi-PC" name="keywordTest.InvocationTest" tests="103" failures="0" timestamp="05 Jul 2019 08:04:30 GMT" time="0.078" errors="0">
  <testcase name="loginTest" time="0.000" classname="keywordTest.InvocationTest"/>
  <testcase name="regTest" time="0.000" classname="keywordTest.InvocationTest"/>
  <testcase name="bookingTest" time="0.000" classname="keywordTest.InvocationTest"/>
  <testcase name="cancelTest" time="0.000" classname="keywordTest.InvocationTest"/>
  <testcase name="cancelTest" time="0.000" classname="keywordTest.InvocationTest"/>
  <testcase name="cancelTest" time="0.000" classname="keywordTest.InvocationTest"/>
  <testcase name="cancelTest" time="0.000" classname="keywordTest.InvocationTest"/>
  <testcase name="cancelTest" time="0.000" classname="keywordTest.InvocationTest"/>
  <testcase name="cancelTest" time="0.000" classname="keywordTest.InvocationTest"/>
  <testcase name="cancelTest" time="0.000" classname="keywordTest.InvocationTest"/>
  <testcase name="cancelTest" time="0.000" classname="keywordTest.InvocationTest"/>
  <testcase name="cancelTest" time="0.000" classname="keywordTest.InvocationTest"/>
  <testcase name="cancelTest" time="0.000" classname="keywordTest.InvocationTest"/>
  <testcase name="cancelTest" time="0.000" classname="keywordTest.InvocationTest"/>
  <testcase name="cancelTest" time="0.000" classname="keywordTest.InvocationTest"/>
  <testcase name="cancelTest" time="0.000" classname="keywordTest.InvocationTest"/>
  <testcase name="cancelTest" time="0.000" classname="keywordTest.InvocationTest"/>
  <testcase name="cancelTest" time="0.000" classname="keywordTest.InvocationTest"/>
  <testcase name="cancelTest" time="0.000" classname="keywordTest.InvocationTest"/>
  <testcase name="cancelTest" time="0.000" classname="keywordTest.InvocationTest"/>
  <testcase name="cancelTest" time="0.000" classname="keywordTest.InvocationTest"/>
  <testcase name="cancelTest" time="0.016" classname="keywordTest.InvocationTest"/>
  <testcase name="cancelTest" time="0.000" classname="keywordTest.InvocationTest"/>
  <testcase name="cancelTest" time="0.000" classname="keywordTest.InvocationTest"/>
  <testcase name="cancelTest" time="0.000" classname="keywordTest.InvocationTest"/>
  <testcase name="cancelTest" time="0.000" classname="keywordTest.InvocationTest"/>
  <testcase name="cancelTest" time="0.000" classname="keywordTest.InvocationTest"/>
  <testcase name="cancelTest" time="0.000" classname="keywordTest.InvocationTest"/>
  <testcase name="cancelTest" time="0.000" classname="keywordTest.InvocationTest"/>
  <testcase name="cancelTest" time="0.000" classname="keywordTest.InvocationTest"/>
  <testcase name="cancelTest" time="0.000" classname="keywordTest.InvocationTest"/>
  <testcase name="cancelTest" time="0.000" classname="keywordTest.InvocationTest"/>
  <testcase name="cancelTest" time="0.000" classname="keywordTest.InvocationTest"/>
  <testcase name="cancelTest" time="0.000" classname="keywordTest.InvocationTest"/>
  <testcase name="cancelTest" time="0.000" classname="keywordTest.InvocationTest"/>
  <testcase name="cancelTest" time="0.000" classname="keywordTest.InvocationTest"/>
  <testcase name="cancelTest" time="0.000" classname="keywordTest.InvocationTest"/>
  <testcase name="cancelTest" time="0.000" classname="keywordTest.InvocationTest"/>
  <testcase name="cancelTest" time="0.000" classname="keywordTest.InvocationTest"/>
  <testcase name="cancelTest" time="0.000" classname="keywordTest.InvocationTest"/>
  <testcase name="cancelTest" time="0.000" classname="keywordTest.InvocationTest"/>
  <testcase name="cancelTest" time="0.000" classname="keywordTest.InvocationTest"/>
  <testcase name="cancelTest" time="0.000" classname="keywordTest.InvocationTest"/>
  <testcase name="cancelTest" time="0.000" classname="keywordTest.InvocationTest"/>
  <testcase name="cancelTest" time="0.000" classname="keywordTest.InvocationTest"/>
  <testcase name="cancelTest" time="0.000" classname="keywordTest.InvocationTest"/>
  <testcase name="cancelTest" time="0.000" classname="keywordTest.InvocationTest"/>
  <testcase name="cancelTest" time="0.000" classname="keywordTest.InvocationTest"/>
  <testcase name="cancelTest" time="0.000" classname="keywordTest.InvocationTest"/>
  <testcase name="cancelTest" time="0.000" classname="keywordTest.InvocationTest"/>
  <testcase name="cancelTest" time="0.000" classname="keywordTest.InvocationTest"/>
  <testcase name="cancelTest" time="0.000" classname="keywordTest.InvocationTest"/>
  <testcase name="cancelTest" time="0.000" classname="keywordTest.InvocationTest"/>
  <testcase name="cancelTest" time="0.000" classname="keywordTest.InvocationTest"/>
  <testcase name="cancelTest" time="0.000" classname="keywordTest.InvocationTest"/>
  <testcase name="cancelTest" time="0.000" classname="keywordTest.InvocationTest"/>
  <testcase name="cancelTest" time="0.000" classname="keywordTest.InvocationTest"/>
  <testcase name="cancelTest" time="0.000" classname="keywordTest.InvocationTest"/>
  <testcase name="cancelTest" time="0.000" classname="keywordTest.InvocationTest"/>
  <testcase name="cancelTest" time="0.000" classname="keywordTest.InvocationTest"/>
  <testcase name="cancelTest" time="0.000" classname="keywordTest.InvocationTest"/>
  <testcase name="cancelTest" time="0.000" classname="keywordTest.InvocationTest"/>
  <testcase name="cancelTest" time="0.000" classname="keywordTest.InvocationTest"/>
  <testcase name="cancelTest" time="0.000" classname="keywordTest.InvocationTest"/>
  <testcase name="cancelTest" time="0.000" classname="keywordTest.InvocationTest"/>
  <testcase name="cancelTest" time="0.000" classname="keywordTest.InvocationTest"/>
  <testcase name="cancelTest" time="0.000" classname="keywordTest.InvocationTest"/>
  <testcase name="cancelTest" time="0.016" classname="keywordTest.InvocationTest"/>
  <testcase name="cancelTest" time="0.000" classname="keywordTest.InvocationTest"/>
  <testcase name="cancelTest" time="0.000" classname="keywordTest.InvocationTest"/>
  <testcase name="cancelTest" time="0.000" classname="keywordTest.InvocationTest"/>
  <testcase name="cancelTest" time="0.000" classname="keywordTest.InvocationTest"/>
  <testcase name="cancelTest" time="0.000" classname="keywordTest.InvocationTest"/>
  <testcase name="cancelTest" time="0.015" classname="keywordTest.InvocationTest"/>
  <testcase name="cancelTest" time="0.000" classname="keywordTest.InvocationTest"/>
  <testcase name="cancelTest" time="0.000" classname="keywordTest.InvocationTest"/>
  <testcase name="cancelTest" time="0.015" classname="keywordTest.InvocationTest"/>
  <testcase name="cancelTest" time="0.000" classname="keywordTest.InvocationTest"/>
  <testcase name="cancelTest" time="0.000" classname="keywordTest.InvocationTest"/>
  <testcase name="cancelTest" time="0.000" classname="keywordTest.InvocationTest"/>
  <testcase name="cancelTest" time="0.000" classname="keywordTest.InvocationTest"/>
  <testcase name="cancelTest" time="0.000" classname="keywordTest.InvocationTest"/>
  <testcase name="cancelTest" time="0.000" classname="keywordTest.InvocationTest"/>
  <testcase name="cancelTest" time="0.000" classname="keywordTest.InvocationTest"/>
  <testcase name="cancelTest" time="0.000" classname="keywordTest.InvocationTest"/>
  <testcase name="cancelTest" time="0.016" classname="keywordTest.InvocationTest"/>
  <testcase name="cancelTest" time="0.000" classname="keywordTest.InvocationTest"/>
  <testcase name="cancelTest" time="0.000" classname="keywordTest.InvocationTest"/>
  <testcase name="cancelTest" time="0.000" classname="keywordTest.InvocationTest"/>
  <testcase name="cancelTest" time="0.000" classname="keywordTest.InvocationTest"/>
  <testcase name="cancelTest" time="0.000" classname="keywordTest.InvocationTest"/>
  <testcase name="cancelTest" time="0.000" classname="keywordTest.InvocationTest"/>
  <testcase name="cancelTest" time="0.000" classname="keywordTest.InvocationTest"/>
  <testcase name="cancelTest" time="0.000" classname="keywordTest.InvocationTest"/>
  <testcase name="cancelTest" time="0.000" classname="keywordTest.InvocationTest"/>
  <testcase name="cancelTest" time="0.000" classname="keywordTest.InvocationTest"/>
  <testcase name="cancelTest" time="0.000" classname="keywordTest.InvocationTest"/>
  <testcase name="cancelTest" time="0.000" classname="keywordTest.InvocationTest"/>
  <testcase name="cancelTest" time="0.000" classname="keywordTest.InvocationTest"/>
  <testcase name="cancelTest" time="0.000" classname="keywordTest.InvocationTest"/>
  <testcase name="cancelTest" time="0.000" classname="keywordTest.InvocationTest"/>
  <testcase name="cancelTest" time="0.000" classname="keywordTest.InvocationTest"/>
  <testcase name="cancelTest" time="0.000" classname="keywordTest.InvocationTest"/>
</testsuite> <!-- keywordTest.InvocationTest -->
