<?xml version="1.0" encoding="UTF-8"?>
<!-- Generated by org.testng.reporters.JUnitReportReporter -->
<testsuite skipped="1" hostname="Ramamoorthi-PC" name="keywordTest.Description" tests="4" failures="0" timestamp="05 Jul 2019 07:43:52 GMT" time="0.000" errors="0">
  <testcase name="loginTest" time="0.000" classname="keywordTest.Description"/>
  <testcase name="regTest" time="0.000" classname="keywordTest.Description"/>
  <testcase name="bookingTest" time="0.000" classname="keywordTest.Description"/>
  <testcase name="cancelTest" classname="keywordTest.Description">
    <skipped/>
  </testcase> <!-- cancelTest -->
</testsuite> <!-- keywordTest.Description -->
