<?xml version="1.0" encoding="UTF-8"?>
<!-- Generated by org.testng.reporters.JUnitReportReporter -->
<testsuite skipped="0" hostname="Ramamoorthi-PC" name="assertions.HardAssertTest" tests="1" failures="0" timestamp="05 Jul 2019 07:02:18 GMT" time="0.031" errors="0">
  <testcase name="login" time="0.031" classname="assertions.HardAssertTest"/>
</testsuite> <!-- assertions.HardAssertTest -->
