<?xml version="1.0" encoding="UTF-8"?>
<!-- Generated by org.testng.reporters.JUnitReportReporter -->
<testsuite skipped="0" hostname="Ramamoorthi-PC" name="parameterizationTest.SingleDataProviderTest" tests="3" failures="0" timestamp="08 Jul 2019 08:47:45 GMT" time="0.012" errors="0">
  <testcase name="loginTest" time="0.002" classname="parameterizationTest.SingleDataProviderTest"/>
  <testcase name="loginTest" time="0.002" classname="parameterizationTest.SingleDataProviderTest"/>
  <testcase name="loginTest" time="0.008" classname="parameterizationTest.SingleDataProviderTest"/>
</testsuite> <!-- parameterizationTest.SingleDataProviderTest -->
