<?xml version="1.0" encoding="UTF-8"?>
<!-- Generated by org.testng.reporters.JUnitReportReporter -->
<testsuite skipped="0" hostname="Ramamoorthi-PC" name="parameterizationTest.Assignment1" tests="4" failures="0" timestamp="14 Aug 2019 07:54:15 GMT" time="13.810" errors="0">
  <testcase name="loginTest" time="0.414" classname="parameterizationTest.Assignment1"/>
  <testcase name="login" time="1.689" classname="parameterizationTest.Assignment1"/>
  <testcase name="listcategory" time="8.446" classname="parameterizationTest.Assignment1"/>
  <testcase name="AddExpenses" time="3.261" classname="parameterizationTest.Assignment1"/>
</testsuite> <!-- parameterizationTest.Assignment1 -->
