<?xml version="1.0" encoding="UTF-8"?>
<!-- Generated by org.testng.reporters.JUnitReportReporter -->
<testsuite skipped="0" hostname="Ramamoorthi-PC" name="parameterizationTest.Sample" tests="2" failures="0" timestamp="14 Aug 2019 07:37:37 GMT" time="2.896" errors="0">
  <testcase name="Register" time="0.179" classname="parameterizationTest.Sample"/>
  <testcase name="Register" time="2.717" classname="parameterizationTest.Sample"/>
</testsuite> <!-- parameterizationTest.Sample -->
