<?xml version="1.0" encoding="UTF-8"?>
<!-- Generated by org.testng.reporters.JUnitReportReporter -->
<testsuite skipped="0" hostname="Ramamoorthi-PC" name="assertions.SoftAssertTest" tests="1" failures="0" timestamp="05 Jul 2019 07:10:01 GMT" time="0.031" errors="0">
  <testcase name="login" time="0.031" classname="assertions.SoftAssertTest"/>
</testsuite> <!-- assertions.SoftAssertTest -->
