<?xml version="1.0" encoding="UTF-8"?>
<!-- Generated by org.testng.reporters.JUnitReportReporter -->
<testsuite skipped="0" hostname="Ramamoorthi-PC" name="keywordTest.ParallelTest" tests="2" failures="0" timestamp="05 Jul 2019 14:31:50 GMT" time="35.166" errors="0">
  <testcase name="session1" time="18.028" classname="keywordTest.ParallelTest"/>
  <testcase name="session2" time="17.138" classname="keywordTest.ParallelTest"/>
</testsuite> <!-- keywordTest.ParallelTest -->
