<?xml version="1.0" encoding="UTF-8"?>
<!-- Generated by org.testng.reporters.JUnitReportReporter -->
<testsuite skipped="0" hostname="Ramamoorthi-PC" name="keywordTest.PriorityTest" tests="4" failures="0" timestamp="05 Jul 2019 08:22:12 GMT" time="0.015" errors="0">
  <testcase name="loginTest" time="0.015" classname="keywordTest.PriorityTest"/>
  <testcase name="regTest" time="0.000" classname="keywordTest.PriorityTest"/>
  <testcase name="bookingTest" time="0.000" classname="keywordTest.PriorityTest"/>
  <testcase name="cancelTest" time="0.000" classname="keywordTest.PriorityTest"/>
</testsuite> <!-- keywordTest.PriorityTest -->
