<?xml version="1.0" encoding="UTF-8"?>
<!-- Generated by org.testng.reporters.JUnitReportReporter -->
<testsuite skipped="0" hostname="Ramamoorthi-PC" name="keywordTest.ParametersTest" tests="1" failures="0" timestamp="29 Aug 2019 04:24:32 GMT" time="8.378" errors="0">
  <testcase name="login" time="8.378" classname="keywordTest.ParametersTest"/>
</testsuite> <!-- keywordTest.ParametersTest -->
