<?xml version="1.0" encoding="UTF-8"?>
<!-- Generated by org.testng.reporters.JUnitReportReporter -->
<testsuite skipped="0" hostname="Ramamoorthi-PC" name="annotations.Testing" tests="4" failures="0" timestamp="05 Jul 2019 08:19:35 GMT" time="0.031" errors="0">
  <testcase name="Test3" time="0.016" classname="annotations.Testing"/>
  <testcase name="Test1" time="0.015" classname="annotations.Testing"/>
  <testcase name="Test2" time="0.000" classname="annotations.Testing"/>
  <testcase name="Test" time="0.000" classname="annotations.Testing"/>
</testsuite> <!-- annotations.Testing -->
